0 info it worked if it ends with ok
1 verbose cli [ '/usr/local/Cellar/node/6.5.0/bin/node',
1 verbose cli   '/usr/local/bin/npm',
1 verbose cli   'i',
1 verbose cli   '-g',
1 verbose cli   'apt-get' ]
2 info using npm@3.10.3
3 info using node@v6.5.0
4 silly loadCurrentTree Starting
5 silly install loadCurrentTree
6 silly install readGlobalPackageData
7 silly fetchPackageMetaData apt-get
8 silly fetchNamedPackageData apt-get
9 silly mapToRegistry name apt-get
10 silly mapToRegistry using default registry
11 silly mapToRegistry registry https://registry.npmjs.org/
12 silly mapToRegistry data Result {
12 silly mapToRegistry   raw: 'apt-get',
12 silly mapToRegistry   scope: null,
12 silly mapToRegistry   escapedName: 'apt-get',
12 silly mapToRegistry   name: 'apt-get',
12 silly mapToRegistry   rawSpec: '',
12 silly mapToRegistry   spec: 'latest',
12 silly mapToRegistry   type: 'tag' }
13 silly mapToRegistry uri https://registry.npmjs.org/apt-get
14 verbose request uri https://registry.npmjs.org/apt-get
15 verbose request no auth needed
16 info attempt registry request try #1 at 6:07:04 PM
17 verbose request id 43cf99891ad50f59
18 http request GET https://registry.npmjs.org/apt-get
19 http 200 https://registry.npmjs.org/apt-get
20 verbose headers { server: 'nginx/1.10.1',
20 verbose headers   'content-type': 'application/json',
20 verbose headers   'last-modified': 'Mon, 28 Jul 2014 11:43:26 GMT',
20 verbose headers   etag: 'W/"53d6375e-ed5"',
20 verbose headers   'content-encoding': 'gzip',
20 verbose headers   'cache-control': 'max-age=300',
20 verbose headers   'content-length': '1008',
20 verbose headers   'accept-ranges': 'bytes',
20 verbose headers   date: 'Mon, 03 Apr 2017 01:07:04 GMT',
20 verbose headers   via: '1.1 varnish',
20 verbose headers   age: '0',
20 verbose headers   connection: 'keep-alive',
20 verbose headers   'x-served-by': 'cache-sjc3644-SJC',
20 verbose headers   'x-cache': 'MISS',
20 verbose headers   'x-cache-hits': '0',
20 verbose headers   'x-timer': 'S1491181624.547488,VS0,VE38',
20 verbose headers   vary: 'Accept-Encoding' }
21 silly get cb [ 200,
21 silly get   { server: 'nginx/1.10.1',
21 silly get     'content-type': 'application/json',
21 silly get     'last-modified': 'Mon, 28 Jul 2014 11:43:26 GMT',
21 silly get     etag: 'W/"53d6375e-ed5"',
21 silly get     'content-encoding': 'gzip',
21 silly get     'cache-control': 'max-age=300',
21 silly get     'content-length': '1008',
21 silly get     'accept-ranges': 'bytes',
21 silly get     date: 'Mon, 03 Apr 2017 01:07:04 GMT',
21 silly get     via: '1.1 varnish',
21 silly get     age: '0',
21 silly get     connection: 'keep-alive',
21 silly get     'x-served-by': 'cache-sjc3644-SJC',
21 silly get     'x-cache': 'MISS',
21 silly get     'x-cache-hits': '0',
21 silly get     'x-timer': 'S1491181624.547488,VS0,VE38',
21 silly get     vary: 'Accept-Encoding' } ]
22 verbose get saving apt-get to /Users/chrisng/.npm/registry.npmjs.org/apt-get/.cache.json
23 verbose correctMkdir /Users/chrisng/.npm correctMkdir not in flight; initializing
24 silly install normalizeTree
25 silly loadCurrentTree Finishing
26 silly loadIdealTree Starting
27 silly install loadIdealTree
28 silly cloneCurrentTree Starting
29 silly install cloneCurrentTreeToIdealTree
30 silly cloneCurrentTree Finishing
31 silly loadShrinkwrap Starting
32 silly install loadShrinkwrap
33 silly loadShrinkwrap Finishing
34 silly loadAllDepsIntoIdealTree Starting
35 silly install loadAllDepsIntoIdealTree
36 silly rollbackFailedOptional Starting
37 silly rollbackFailedOptional Finishing
38 silly runTopLevelLifecycles Starting
39 silly runTopLevelLifecycles Finishing
40 silly install printInstalled
41 verbose stack Error: Unsupported platform for apt-get@0.1.0: wanted {"name":"apt-get","version":"0.1.0","private":false,"homepage":"https://github.com/Holusion/node-apt-get","keywords":["apt","apt-get","update","upgrade","debian","ubuntu"],"author":{"name":"Sebastien Dumetz","email":"s.dumetz@holusion.com","url":"https://github.com/klepthys"},"contributors":[{"name":"Maxime Chaveroche"},{"name":"Kenza Khamaily"}],"scripts":{"start":"NODE_ENV=development ./node_modules/.bin/supervisor app.js","test":"mocha --reporter spec"},"main":"index.js","os":["linux"],"devDependencies":{"mocha":"*","chai":"*","rewire":"*"},"description":"","_id":"apt-get@0.1.0","dist":{"shasum":"6bea420038faca0365097b4eaef0c06b327991ca","tarball":"https://registry.npmjs.org/apt-get/-/apt-get-0.1.0.tgz"},"_from":"apt-get","_npmVersion":"1.4.3","_npmUser":{"name":"klepthys","email":"s.dumetz@holusion.com"},"maintainers":[{"name":"klepthys","email":"s.dumetz@holusion.com"}],"directories":{},"_resolved":"https://registry.npmjs.org/apt-get/-/apt-get-0.1.0.tgz","_shasum":"6bea420038faca0365097b4eaef0c06b327991ca","_requested":{"raw":"apt-get","scope":null,"escapedName":"apt-get","name":"apt-get","rawSpec":"","spec":"latest","type":"tag"},"_spec":"apt-get","_where":"","_args":[[{"raw":"apt-get","scope":null,"escapedName":"apt-get","name":"apt-get","rawSpec":"","spec":"latest","type":"tag"},""]],"readme":"ERROR: No README data found!"} (current: {"os":"darwin","cpu":"x64"})
41 verbose stack     at checkPlatform (/usr/local/lib/node_modules/npm/node_modules/npm-install-checks/index.js:45:14)
41 verbose stack     at thenWarnEngineIssues (/usr/local/lib/node_modules/npm/lib/install/validate-args.js:41:5)
41 verbose stack     at /usr/local/lib/node_modules/npm/node_modules/iferr/index.js:13:50
41 verbose stack     at checkEngine (/usr/local/lib/node_modules/npm/node_modules/npm-install-checks/index.js:10:20)
41 verbose stack     at module.exports.isInstallable (/usr/local/lib/node_modules/npm/lib/install/validate-args.js:38:3)
41 verbose stack     at Array.<anonymous> (/usr/local/lib/node_modules/npm/node_modules/slide/lib/bind-actor.js:15:8)
41 verbose stack     at LOOP (/usr/local/lib/node_modules/npm/node_modules/slide/lib/chain.js:15:14)
41 verbose stack     at /usr/local/lib/node_modules/npm/node_modules/slide/lib/chain.js:18:7
41 verbose stack     at checkSelf (/usr/local/lib/node_modules/npm/lib/install/validate-args.js:46:72)
41 verbose stack     at Array.<anonymous> (/usr/local/lib/node_modules/npm/node_modules/slide/lib/bind-actor.js:15:8)
42 verbose pkgid apt-get@0.1.0
43 verbose cwd /Users/chrisng/development/personal/apps/hypeset
44 error Darwin 16.4.0
45 error argv "/usr/local/Cellar/node/6.5.0/bin/node" "/usr/local/bin/npm" "i" "-g" "apt-get"
46 error node v6.5.0
47 error npm  v3.10.3
48 error code EBADPLATFORM
49 error notsup Not compatible with your operating system or architecture: apt-get@0.1.0
50 error notsup Valid OS:    linux
50 error notsup Valid Arch:  any
50 error notsup Actual OS:   darwin
50 error notsup Actual Arch: x64
51 verbose exit [ 1, true ]
